        -:    0:Source:dominion.c
        -:    0:Graph:dominion.gcno
        -:    0:Data:dominion.gcda
        -:    0:Runs:8
        -:    0:Programs:8
        -:    1:
        -:    2:#include "dominion.h"
        -:    3:#include "dominion_helpers.h"
        -:    4:#include "rngs.h"
        -:    5:#include <stdio.h>
        -:    6:#include <math.h>
        -:    7:#include <stdlib.h>
        -:    8:
        -:    9:void smithyfunct(int currentPlayer, struct gameState *state, int handPos);
        -:   10:void adventurerfunct(int drawntreasure, struct gameState *state, int currentPlayer, int cardDrawn, int z);
        -:   11:void villagefunct(int currentPlayer, struct gameState *state, int handPos);
        -:   12:void baronfunct(int currentPlayer, struct gameState *state, int handPos, int choice1);
        -:   13:void minionfunct(int currentPlayer, struct gameState *state, int handPos, int choice1, int choice2);
        -:   14:
function compare called 966 returned 100% blocks executed 100%
      966:   15:int compare(const void* a, const void* b) {
      966:   16:  if (*(int*)a > *(int*)b)
branch  0 taken 25% (fallthrough)
branch  1 taken 75%
      244:   17:    return 1;
      722:   18:  if (*(int*)a < *(int*)b)
branch  0 taken 28% (fallthrough)
branch  1 taken 72%
      201:   19:    return -1;
      521:   20:  return 0;
        -:   21:}
        -:   22:
function newGame called 0 returned 0% blocks executed 0%
    #####:   23:struct gameState* newGame() {
    #####:   24:  struct gameState* g = malloc(sizeof(struct gameState));
    #####:   25:  return g;
        -:   26:}
        -:   27:
function kingdomCards called 0 returned 0% blocks executed 0%
    #####:   28:int* kingdomCards(int k1, int k2, int k3, int k4, int k5, int k6, int k7,
        -:   29:		  int k8, int k9, int k10) {
    #####:   30:  int* k = malloc(10 * sizeof(int));
    #####:   31:  k[0] = k1;
    #####:   32:  k[1] = k2;
    #####:   33:  k[2] = k3;
    #####:   34:  k[3] = k4;
    #####:   35:  k[4] = k5;
    #####:   36:  k[5] = k6;
    #####:   37:  k[6] = k7;
    #####:   38:  k[7] = k8;
    #####:   39:  k[8] = k9;
    #####:   40:  k[9] = k10;
    #####:   41:  return k;
        -:   42:}
        -:   43:
function initializeGame called 15 returned 100% blocks executed 88%
       15:   44:int initializeGame(int numPlayers, int kingdomCards[10], int randomSeed,
        -:   45:		   struct gameState *state) {
        -:   46:
        -:   47:  int i;
        -:   48:  int j;
        -:   49:  int it;			
        -:   50:  //set up random number generator
       15:   51:  SelectStream(1);
call    0 returned 100%
       15:   52:  PutSeed((long)randomSeed);
call    0 returned 100%
        -:   53:  
        -:   54:  //check number of players
       15:   55:  if (numPlayers > MAX_PLAYERS || numPlayers < 2)
branch  0 taken 100% (fallthrough)
branch  1 taken 0%
branch  2 taken 0% (fallthrough)
branch  3 taken 100%
        -:   56:    {
    #####:   57:      return -1;
        -:   58:    }
        -:   59:
        -:   60:  //set number of players
       15:   61:  state->numPlayers = numPlayers;
        -:   62:
        -:   63:  //check selected kingdom cards are different
      165:   64:  for (i = 0; i < 10; i++)
branch  0 taken 91%
branch  1 taken 9% (fallthrough)
        -:   65:    {
     1650:   66:      for (j = 0; j < 10; j++)
branch  0 taken 91%
branch  1 taken 9% (fallthrough)
        -:   67:        {
     1500:   68:	  if (j != i && kingdomCards[j] == kingdomCards[i])
branch  0 taken 90% (fallthrough)
branch  1 taken 10%
branch  2 taken 0% (fallthrough)
branch  3 taken 100%
        -:   69:	    {
    #####:   70:	      return -1;
        -:   71:	    }
        -:   72:        }
        -:   73:    }
        -:   74:
        -:   75:
        -:   76:  //initialize supply
        -:   77:  ///////////////////////////////
        -:   78:
        -:   79:  //set number of Curse cards
       15:   80:  if (numPlayers == 2)
branch  0 taken 100% (fallthrough)
branch  1 taken 0%
        -:   81:    {
       15:   82:      state->supplyCount[curse] = 10;
        -:   83:    }
    #####:   84:  else if (numPlayers == 3)
branch  0 never executed
branch  1 never executed
        -:   85:    {
    #####:   86:      state->supplyCount[curse] = 20;
        -:   87:    }
        -:   88:  else
        -:   89:    {
    #####:   90:      state->supplyCount[curse] = 30;
        -:   91:    }
        -:   92:
        -:   93:  //set number of Victory cards
       15:   94:  if (numPlayers == 2)
branch  0 taken 100% (fallthrough)
branch  1 taken 0%
        -:   95:    {
       15:   96:      state->supplyCount[estate] = 8;
       15:   97:      state->supplyCount[duchy] = 8;
       15:   98:      state->supplyCount[province] = 8;
        -:   99:    }
        -:  100:  else
        -:  101:    {
    #####:  102:      state->supplyCount[estate] = 12;
    #####:  103:      state->supplyCount[duchy] = 12;
    #####:  104:      state->supplyCount[province] = 12;
        -:  105:    }
        -:  106:
        -:  107:  //set number of Treasure cards
       15:  108:  state->supplyCount[copper] = 60 - (7 * numPlayers);
       15:  109:  state->supplyCount[silver] = 40;
       15:  110:  state->supplyCount[gold] = 30;
        -:  111:
        -:  112:  //set number of Kingdom cards
      315:  113:  for (i = adventurer; i <= treasure_map; i++)       	//loop all cards
branch  0 taken 95%
branch  1 taken 5% (fallthrough)
        -:  114:    {
     2475:  115:      for (j = 0; j < 10; j++)           		//loop chosen cards
branch  0 taken 94%
branch  1 taken 6% (fallthrough)
        -:  116:	{
     2325:  117:	  if (kingdomCards[j] == i)
branch  0 taken 6% (fallthrough)
branch  1 taken 94%
        -:  118:	    {
        -:  119:	      //check if card is a 'Victory' Kingdom card
      150:  120:	      if (kingdomCards[j] == great_hall || kingdomCards[j] == gardens)
branch  0 taken 100% (fallthrough)
branch  1 taken 0%
branch  2 taken 10% (fallthrough)
branch  3 taken 90%
        -:  121:		{
       30:  122:		  if (numPlayers == 2){ 
branch  0 taken 100% (fallthrough)
branch  1 taken 0%
       15:  123:		    state->supplyCount[i] = 8; 
        -:  124:		  }
    #####:  125:		  else{ state->supplyCount[i] = 12; }
        -:  126:		}
        -:  127:	      else
        -:  128:		{
      135:  129:		  state->supplyCount[i] = 10;
        -:  130:		}
      150:  131:	      break;
        -:  132:	    }
        -:  133:	  else    //card is not in the set choosen for the game
        -:  134:	    {
     2175:  135:	      state->supplyCount[i] = -1;
        -:  136:	    }
        -:  137:	}
        -:  138:
        -:  139:    }
        -:  140:
        -:  141:  ////////////////////////
        -:  142:  //supply intilization complete
        -:  143:
        -:  144:  //set player decks
       45:  145:  for (i = 0; i < numPlayers; i++)
branch  0 taken 67%
branch  1 taken 33% (fallthrough)
        -:  146:    {
       30:  147:      state->deckCount[i] = 0;
      120:  148:      for (j = 0; j < 3; j++)
branch  0 taken 75%
branch  1 taken 25% (fallthrough)
        -:  149:	{
       90:  150:	  state->deck[i][j] = estate;
       90:  151:	  state->deckCount[i]++;
        -:  152:	}
      240:  153:      for (j = 3; j < 10; j++)
branch  0 taken 88%
branch  1 taken 13% (fallthrough)
        -:  154:	{
      210:  155:	  state->deck[i][j] = copper;
      210:  156:	  state->deckCount[i]++;		
        -:  157:	}
        -:  158:    }
        -:  159:
        -:  160:  //shuffle player decks
       45:  161:  for (i = 0; i < numPlayers; i++)
branch  0 taken 67%
branch  1 taken 33% (fallthrough)
        -:  162:    {
       30:  163:      if ( shuffle(i, state) < 0 )
call    0 returned 100%
branch  1 taken 0% (fallthrough)
branch  2 taken 100%
        -:  164:	{
    #####:  165:	  return -1;
        -:  166:	}
        -:  167:    }
        -:  168:
        -:  169:  //draw player hands
       45:  170:  for (i = 0; i < numPlayers; i++)
branch  0 taken 67%
branch  1 taken 33% (fallthrough)
        -:  171:    {  
        -:  172:      //initialize hand size to zero
       30:  173:      state->handCount[i] = 0;
       30:  174:      state->discardCount[i] = 0;
        -:  175:      //draw 5 cards
        -:  176:      // for (j = 0; j < 5; j++)
        -:  177:      //	{
        -:  178:      //	  drawCard(i, state);
        -:  179:      //	}
        -:  180:    }
        -:  181:  
        -:  182:  //set embargo tokens to 0 for all supply piles
      420:  183:  for (i = 0; i <= treasure_map; i++)
branch  0 taken 96%
branch  1 taken 4% (fallthrough)
        -:  184:    {
      405:  185:      state->embargoTokens[i] = 0;
        -:  186:    }
        -:  187:
        -:  188:  //initialize first player's turn
       15:  189:  state->outpostPlayed = 0;
       15:  190:  state->phase = 0;
       15:  191:  state->numActions = 1;
       15:  192:  state->numBuys = 1;
       15:  193:  state->playedCardCount = 0;
       15:  194:  state->whoseTurn = 0;
       15:  195:  state->handCount[state->whoseTurn] = 0;
        -:  196:  //int it; move to top
        -:  197:
        -:  198:  //Moved draw cards to here, only drawing at the start of a turn
       90:  199:  for (it = 0; it < 5; it++){
branch  0 taken 83%
branch  1 taken 17% (fallthrough)
       75:  200:    drawCard(state->whoseTurn, state);
call    0 returned 100%
        -:  201:  }
        -:  202:
       15:  203:  updateCoins(state->whoseTurn, state, 0);
call    0 returned 100%
        -:  204:
       15:  205:  return 0;
        -:  206:}
        -:  207:
function shuffle called 247 returned 100% blocks executed 100%
      247:  208:int shuffle(int player, struct gameState *state) {
        -:  209: 
        -:  210:
        -:  211:  int newDeck[MAX_DECK];
      247:  212:  int newDeckPos = 0;
        -:  213:  int card;
        -:  214:  int i;
        -:  215:
      247:  216:  if (state->deckCount[player] < 1)
branch  0 taken 85% (fallthrough)
branch  1 taken 15%
      210:  217:    return -1;
       37:  218:  qsort ((void*)(state->deck[player]), state->deckCount[player], sizeof(int), compare); 
call    0 returned 100%
        -:  219:  /* SORT CARDS IN DECK TO ENSURE DETERMINISM! */
        -:  220:
      488:  221:  while (state->deckCount[player] > 0) {
branch  0 taken 92%
branch  1 taken 8% (fallthrough)
      414:  222:    card = floor(Random() * state->deckCount[player]);
call    0 returned 100%
      414:  223:    newDeck[newDeckPos] = state->deck[player][card];
      414:  224:    newDeckPos++;
     3880:  225:    for (i = card; i < state->deckCount[player]-1; i++) {
branch  0 taken 89%
branch  1 taken 11% (fallthrough)
     3466:  226:      state->deck[player][i] = state->deck[player][i+1];
        -:  227:    }
      414:  228:    state->deckCount[player]--;
        -:  229:  }
      451:  230:  for (i = 0; i < newDeckPos; i++) {
branch  0 taken 92%
branch  1 taken 8% (fallthrough)
      414:  231:    state->deck[player][i] = newDeck[i];
      414:  232:    state->deckCount[player]++;
        -:  233:  }
        -:  234:
       37:  235:  return 0;
        -:  236:}
        -:  237:
function playCard called 0 returned 0% blocks executed 0%
    #####:  238:int playCard(int handPos, int choice1, int choice2, int choice3, struct gameState *state) 
        -:  239:{	
        -:  240:  int card;
    #####:  241:  int coin_bonus = 0; 		//tracks coins gain from actions
        -:  242:
        -:  243:  //check if it is the right phase
    #####:  244:  if (state->phase != 0)
branch  0 never executed
branch  1 never executed
        -:  245:    {
    #####:  246:      return -1;
        -:  247:    }
        -:  248:	
        -:  249:  //check if player has enough actions
    #####:  250:  if ( state->numActions < 1 )
branch  0 never executed
branch  1 never executed
        -:  251:    {
    #####:  252:      return -1;
        -:  253:    }
        -:  254:	
        -:  255:  //get card played
    #####:  256:  card = handCard(handPos, state);
call    0 never executed
        -:  257:	
        -:  258:  //check if selected card is an action
    #####:  259:  if ( card < adventurer || card > treasure_map )
branch  0 never executed
branch  1 never executed
branch  2 never executed
branch  3 never executed
        -:  260:    {
    #####:  261:      return -1;
        -:  262:    }
        -:  263:	
        -:  264:  //play card
    #####:  265:  if ( cardEffect(card, choice1, choice2, choice3, state, handPos, &coin_bonus) < 0 )
call    0 never executed
branch  1 never executed
branch  2 never executed
        -:  266:    {
    #####:  267:      return -1;
        -:  268:    }
        -:  269:	
        -:  270:  //reduce number of actions
    #####:  271:  state->numActions--;
        -:  272:
        -:  273:  //update coins (Treasure cards may be added with card draws)
    #####:  274:  updateCoins(state->whoseTurn, state, coin_bonus);
call    0 never executed
        -:  275:	
    #####:  276:  return 0;
        -:  277:}
        -:  278:
function buyCard called 0 returned 0% blocks executed 0%
    #####:  279:int buyCard(int supplyPos, struct gameState *state) {
        -:  280:  int who;
        -:  281:  if (DEBUG){
        -:  282:    printf("Entering buyCard...\n");
        -:  283:  }
        -:  284:
        -:  285:  // I don't know what to do about the phase thing.
        -:  286:
    #####:  287:  who = state->whoseTurn;
        -:  288:
    #####:  289:  if (state->numBuys < 1){
branch  0 never executed
branch  1 never executed
        -:  290:    if (DEBUG)
        -:  291:      printf("You do not have any buys left\n");
    #####:  292:    return -1;
    #####:  293:  } else if (supplyCount(supplyPos, state) <1){
call    0 never executed
branch  1 never executed
branch  2 never executed
        -:  294:    if (DEBUG)
        -:  295:      printf("There are not any of that type of card left\n");
    #####:  296:    return -1;
    #####:  297:  } else if (state->coins < getCost(supplyPos)){
call    0 never executed
branch  1 never executed
branch  2 never executed
        -:  298:    if (DEBUG) 
        -:  299:      printf("You do not have enough money to buy that. You have %d coins.\n", state->coins);
    #####:  300:    return -1;
        -:  301:  } else {
    #####:  302:    state->phase=1;
        -:  303:    //state->supplyCount[supplyPos]--;
    #####:  304:    gainCard(supplyPos, state, 0, who); //card goes in discard, this might be wrong.. (2 means goes into hand, 0 goes into discard)
call    0 never executed
        -:  305:  
    #####:  306:    state->coins = (state->coins) - (getCost(supplyPos));
call    0 never executed
    #####:  307:    state->numBuys--;
        -:  308:    if (DEBUG)
        -:  309:      printf("You bought card number %d for %d coins. You now have %d buys and %d coins.\n", supplyPos, getCost(supplyPos), state->numBuys, state->coins);
        -:  310:  }
        -:  311:
        -:  312:  //state->discard[who][state->discardCount[who]] = supplyPos;
        -:  313:  //state->discardCount[who]++;
        -:  314:    
    #####:  315:  return 0;
        -:  316:}
        -:  317:
function numHandCards called 0 returned 0% blocks executed 0%
    #####:  318:int numHandCards(struct gameState *state) {
    #####:  319:  return state->handCount[ whoseTurn(state) ];
call    0 never executed
        -:  320:}
        -:  321:
function handCard called 0 returned 0% blocks executed 0%
    #####:  322:int handCard(int handPos, struct gameState *state) {
    #####:  323:  int currentPlayer = whoseTurn(state);
call    0 never executed
    #####:  324:  return state->hand[currentPlayer][handPos];
        -:  325:}
        -:  326:
function supplyCount called 36 returned 100% blocks executed 100%
       36:  327:int supplyCount(int card, struct gameState *state) {
       36:  328:  return state->supplyCount[card];
        -:  329:}
        -:  330:
function fullDeckCount called 0 returned 0% blocks executed 0%
    #####:  331:int fullDeckCount(int player, int card, struct gameState *state) {
        -:  332:  int i;
    #####:  333:  int count = 0;
        -:  334:
    #####:  335:  for (i = 0; i < state->deckCount[player]; i++)
branch  0 never executed
branch  1 never executed
        -:  336:    {
    #####:  337:      if (state->deck[player][i] == card) count++;
branch  0 never executed
branch  1 never executed
        -:  338:    }
        -:  339:
    #####:  340:  for (i = 0; i < state->handCount[player]; i++)
branch  0 never executed
branch  1 never executed
        -:  341:    {
    #####:  342:      if (state->hand[player][i] == card) count++;
branch  0 never executed
branch  1 never executed
        -:  343:    }
        -:  344:
    #####:  345:  for (i = 0; i < state->discardCount[player]; i++)
branch  0 never executed
branch  1 never executed
        -:  346:    {
    #####:  347:      if (state->discard[player][i] == card) count++;
branch  0 never executed
branch  1 never executed
        -:  348:    }
        -:  349:
    #####:  350:  return count;
        -:  351:}
        -:  352:
function whoseTurn called 14 returned 100% blocks executed 100%
       14:  353:int whoseTurn(struct gameState *state) {
       14:  354:  return state->whoseTurn;
        -:  355:}
        -:  356:
function endTurn called 0 returned 0% blocks executed 0%
    #####:  357:int endTurn(struct gameState *state) {
        -:  358:  int k;
        -:  359:  int i;
    #####:  360:  int currentPlayer = whoseTurn(state);
call    0 never executed
        -:  361:  
        -:  362:  //Discard hand
    #####:  363:  for (i = 0; i < state->handCount[currentPlayer]; i++){
branch  0 never executed
branch  1 never executed
    #####:  364:    state->discard[currentPlayer][state->discardCount[currentPlayer]++] = state->hand[currentPlayer][i];//Discard
    #####:  365:    state->hand[currentPlayer][i] = -1;//Set card to -1
        -:  366:  }
    #####:  367:  state->handCount[currentPlayer] = 0;//Reset hand count
        -:  368:    
        -:  369:  //Code for determining the player
    #####:  370:  if (currentPlayer < (state->numPlayers - 1)){ 
branch  0 never executed
branch  1 never executed
    #####:  371:    state->whoseTurn = currentPlayer + 1;//Still safe to increment
        -:  372:  }
        -:  373:  else{
    #####:  374:    state->whoseTurn = 0;//Max player has been reached, loop back around to player 1
        -:  375:  }
        -:  376:
    #####:  377:  state->outpostPlayed = 0;
    #####:  378:  state->phase = 0;
    #####:  379:  state->numActions = 1;
    #####:  380:  state->coins = 0;
    #####:  381:  state->numBuys = 1;
    #####:  382:  state->playedCardCount = 0;
    #####:  383:  state->handCount[state->whoseTurn] = 0;
        -:  384:
        -:  385:  //int k; move to top
        -:  386:  //Next player draws hand
    #####:  387:  for (k = 0; k < 5; k++){
branch  0 never executed
branch  1 never executed
    #####:  388:    drawCard(state->whoseTurn, state);//Draw a card
call    0 never executed
        -:  389:  }
        -:  390:
        -:  391:  //Update money
    #####:  392:  updateCoins(state->whoseTurn, state , 0);
call    0 never executed
        -:  393:
    #####:  394:  return 0;
        -:  395:}
        -:  396:
function isGameOver called 0 returned 0% blocks executed 0%
    #####:  397:int isGameOver(struct gameState *state) {
        -:  398:  int i;
        -:  399:  int j;
        -:  400:	
        -:  401:  //if stack of Province cards is empty, the game ends
    #####:  402:  if (state->supplyCount[province] == 0)
branch  0 never executed
branch  1 never executed
        -:  403:    {
    #####:  404:      return 1;
        -:  405:    }
        -:  406:
        -:  407:  //if three supply pile are at 0, the game ends
    #####:  408:  j = 0;
    #####:  409:  for (i = 0; i < 25; i++)
branch  0 never executed
branch  1 never executed
        -:  410:    {
    #####:  411:      if (state->supplyCount[i] == 0)
branch  0 never executed
branch  1 never executed
        -:  412:	{
    #####:  413:	  j++;
        -:  414:	}
        -:  415:    }
    #####:  416:  if ( j >= 3)
branch  0 never executed
branch  1 never executed
        -:  417:    {
    #####:  418:      return 1;
        -:  419:    }
        -:  420:
    #####:  421:  return 0;
        -:  422:}
        -:  423:
function scoreFor called 0 returned 0% blocks executed 0%
    #####:  424:int scoreFor (int player, struct gameState *state) {
        -:  425:
        -:  426:  int i;
    #####:  427:  int score = 0;
        -:  428:  //score from hand
    #####:  429:  for (i = 0; i < state->handCount[player]; i++)
branch  0 never executed
branch  1 never executed
        -:  430:    {
    #####:  431:      if (state->hand[player][i] == curse) { score = score - 1; };
branch  0 never executed
branch  1 never executed
    #####:  432:      if (state->hand[player][i] == estate) { score = score + 1; };
branch  0 never executed
branch  1 never executed
    #####:  433:      if (state->hand[player][i] == duchy) { score = score + 3; };
branch  0 never executed
branch  1 never executed
    #####:  434:      if (state->hand[player][i] == province) { score = score + 6; };
branch  0 never executed
branch  1 never executed
    #####:  435:      if (state->hand[player][i] == great_hall) { score = score + 1; };
branch  0 never executed
branch  1 never executed
    #####:  436:      if (state->hand[player][i] == gardens) { score = score + ( fullDeckCount(player, 0, state) / 10 ); };
branch  0 never executed
branch  1 never executed
call    2 never executed
        -:  437:    }
        -:  438:
        -:  439:  //score from discard
    #####:  440:  for (i = 0; i < state->discardCount[player]; i++)
branch  0 never executed
branch  1 never executed
        -:  441:    {
    #####:  442:      if (state->discard[player][i] == curse) { score = score - 1; };
branch  0 never executed
branch  1 never executed
    #####:  443:      if (state->discard[player][i] == estate) { score = score + 1; };
branch  0 never executed
branch  1 never executed
    #####:  444:      if (state->discard[player][i] == duchy) { score = score + 3; };
branch  0 never executed
branch  1 never executed
    #####:  445:      if (state->discard[player][i] == province) { score = score + 6; };
branch  0 never executed
branch  1 never executed
    #####:  446:      if (state->discard[player][i] == great_hall) { score = score + 1; };
branch  0 never executed
branch  1 never executed
    #####:  447:      if (state->discard[player][i] == gardens) { score = score + ( fullDeckCount(player, 0, state) / 10 ); };
branch  0 never executed
branch  1 never executed
call    2 never executed
        -:  448:    }
        -:  449:
        -:  450:  //score from deck
    #####:  451:  for (i = 0; i < state->discardCount[player]; i++)
branch  0 never executed
branch  1 never executed
        -:  452:    {
    #####:  453:      if (state->deck[player][i] == curse) { score = score - 1; };
branch  0 never executed
branch  1 never executed
    #####:  454:      if (state->deck[player][i] == estate) { score = score + 1; };
branch  0 never executed
branch  1 never executed
    #####:  455:      if (state->deck[player][i] == duchy) { score = score + 3; };
branch  0 never executed
branch  1 never executed
    #####:  456:      if (state->deck[player][i] == province) { score = score + 6; };
branch  0 never executed
branch  1 never executed
    #####:  457:      if (state->deck[player][i] == great_hall) { score = score + 1; };
branch  0 never executed
branch  1 never executed
    #####:  458:      if (state->deck[player][i] == gardens) { score = score + ( fullDeckCount(player, 0, state) / 10 ); };
branch  0 never executed
branch  1 never executed
call    2 never executed
        -:  459:    }
        -:  460:
    #####:  461:  return score;
        -:  462:}
        -:  463:
function getWinners called 0 returned 0% blocks executed 0%
    #####:  464:int getWinners(int players[MAX_PLAYERS], struct gameState *state) {
        -:  465:  int i;	
        -:  466:  int j;
        -:  467:  int highScore;
        -:  468:  int currentPlayer;
        -:  469:
        -:  470:  //get score for each player
    #####:  471:  for (i = 0; i < MAX_PLAYERS; i++)
branch  0 never executed
branch  1 never executed
        -:  472:    {
        -:  473:      //set unused player scores to -9999
    #####:  474:      if (i >= state->numPlayers)
branch  0 never executed
branch  1 never executed
        -:  475:	{
    #####:  476:	  players[i] = -9999;
        -:  477:	}
        -:  478:      else
        -:  479:	{
    #####:  480:	  players[i] = scoreFor (i, state);
call    0 never executed
        -:  481:	}
        -:  482:    }
        -:  483:
        -:  484:  //find highest score
    #####:  485:  j = 0;
    #####:  486:  for (i = 0; i < MAX_PLAYERS; i++)
branch  0 never executed
branch  1 never executed
        -:  487:    {
    #####:  488:      if (players[i] > players[j])
branch  0 never executed
branch  1 never executed
        -:  489:	{
    #####:  490:	  j = i;
        -:  491:	}
        -:  492:    }
    #####:  493:  highScore = players[j];
        -:  494:
        -:  495:  //add 1 to players who had less turns
    #####:  496:  currentPlayer = whoseTurn(state);
call    0 never executed
    #####:  497:  for (i = 0; i < MAX_PLAYERS; i++)
branch  0 never executed
branch  1 never executed
        -:  498:    {
    #####:  499:      if ( players[i] == highScore && i > currentPlayer )
branch  0 never executed
branch  1 never executed
branch  2 never executed
branch  3 never executed
        -:  500:	{
    #####:  501:	  players[i]++;
        -:  502:	}
        -:  503:    }
        -:  504:
        -:  505:  //find new highest score
    #####:  506:  j = 0;
    #####:  507:  for (i = 0; i < MAX_PLAYERS; i++)
branch  0 never executed
branch  1 never executed
        -:  508:    {
    #####:  509:      if ( players[i] > players[j] )
branch  0 never executed
branch  1 never executed
        -:  510:	{
    #####:  511:	  j = i;
        -:  512:	}
        -:  513:    }
    #####:  514:  highScore = players[j];
        -:  515:
        -:  516:  //set winners in array to 1 and rest to 0
    #####:  517:  for (i = 0; i < MAX_PLAYERS; i++)
branch  0 never executed
branch  1 never executed
        -:  518:    {
    #####:  519:      if ( players[i] == highScore )
branch  0 never executed
branch  1 never executed
        -:  520:	{
    #####:  521:	  players[i] = 1;
        -:  522:	}
        -:  523:      else
        -:  524:	{
    #####:  525:	  players[i] = 0;
        -:  526:	}
        -:  527:    }
        -:  528:
    #####:  529:  return 0;
        -:  530:}
        -:  531:
function drawCard called 243 returned 100% blocks executed 100%
      243:  532:int drawCard(int player, struct gameState *state)
        -:  533:{	int count;
        -:  534:  int deckCounter;
      243:  535:  if (state->deckCount[player] <= 0){//Deck is empty
branch  0 taken 46% (fallthrough)
branch  1 taken 54%
        -:  536:    
        -:  537:    //Step 1 Shuffle the discard pile back into a deck
        -:  538:    int i;
        -:  539:    //Move discard to deck
      226:  540:    for (i = 0; i < state->discardCount[player];i++){
branch  0 taken 50%
branch  1 taken 50% (fallthrough)
      114:  541:      state->deck[player][i] = state->discard[player][i];
      114:  542:      state->discard[player][i] = -1;
        -:  543:    }
        -:  544:
      112:  545:    state->deckCount[player] = state->discardCount[player];
      112:  546:    state->discardCount[player] = 0;//Reset discard
        -:  547:
        -:  548:    //Shufffle the deck
      112:  549:    shuffle(player, state);//Shuffle the deck up and make it so that we can draw
call    0 returned 100%
        -:  550:   
        -:  551:    if (DEBUG){//Debug statements
        -:  552:      printf("Deck count now: %d\n", state->deckCount[player]);
        -:  553:    }
        -:  554:    
      112:  555:    state->discardCount[player] = 0;
        -:  556:
        -:  557:    //Step 2 Draw Card
      112:  558:    count = state->handCount[player];//Get current player's hand count
        -:  559:    
        -:  560:    if (DEBUG){//Debug statements
        -:  561:      printf("Current hand count: %d\n", count);
        -:  562:    }
        -:  563:    
      112:  564:    deckCounter = state->deckCount[player];//Create a holder for the deck count
        -:  565:
      112:  566:    if (deckCounter == 0)
branch  0 taken 94% (fallthrough)
branch  1 taken 6%
      105:  567:      return -1;
        -:  568:
        7:  569:    state->hand[player][count] = state->deck[player][deckCounter - 1];//Add card to hand
        7:  570:    state->deckCount[player]--;
        7:  571:    state->handCount[player]++;//Increment hand count
        -:  572:  }
        -:  573:
        -:  574:  else{
      131:  575:    int count = state->handCount[player];//Get current hand count for player
        -:  576:    int deckCounter;
        -:  577:    if (DEBUG){//Debug statements
        -:  578:      printf("Current hand count: %d\n", count);
        -:  579:    }
        -:  580:
      131:  581:    deckCounter = state->deckCount[player];//Create holder for the deck count
      131:  582:    state->hand[player][count] = state->deck[player][deckCounter - 1];//Add card to the hand
      131:  583:    state->deckCount[player]--;
      131:  584:    state->handCount[player]++;//Increment hand count
        -:  585:  }
        -:  586:
      138:  587:  return 0;
        -:  588:}
        -:  589:
function getCost called 0 returned 0% blocks executed 0%
    #####:  590:int getCost(int cardNumber)
        -:  591:{
    #####:  592:  switch( cardNumber ) 
branch  0 never executed
branch  1 never executed
branch  2 never executed
branch  3 never executed
branch  4 never executed
branch  5 never executed
branch  6 never executed
branch  7 never executed
branch  8 never executed
branch  9 never executed
branch 10 never executed
branch 11 never executed
branch 12 never executed
branch 13 never executed
branch 14 never executed
branch 15 never executed
branch 16 never executed
branch 17 never executed
branch 18 never executed
branch 19 never executed
branch 20 never executed
branch 21 never executed
branch 22 never executed
branch 23 never executed
branch 24 never executed
branch 25 never executed
branch 26 never executed
branch 27 never executed
        -:  593:    {
        -:  594:    case curse:
    #####:  595:      return 0;
        -:  596:    case estate:
    #####:  597:      return 2;
        -:  598:    case duchy:
    #####:  599:      return 5;
        -:  600:    case province:
    #####:  601:      return 8;
        -:  602:    case copper:
    #####:  603:      return 0;
        -:  604:    case silver:
    #####:  605:      return 3;
        -:  606:    case gold:
    #####:  607:      return 6;
        -:  608:    case adventurer:
    #####:  609:      return 6;
        -:  610:    case council_room:
    #####:  611:      return 5;
        -:  612:    case feast:
    #####:  613:      return 4;
        -:  614:    case gardens:
    #####:  615:      return 4;
        -:  616:    case mine:
    #####:  617:      return 5;
        -:  618:    case remodel:
    #####:  619:      return 4;
        -:  620:    case smithy:
    #####:  621:      return 4;
        -:  622:    case village:
    #####:  623:      return 3;
        -:  624:    case baron:
    #####:  625:      return 4;
        -:  626:    case great_hall:
    #####:  627:      return 3;
        -:  628:    case minion:
    #####:  629:      return 5;
        -:  630:    case steward:
    #####:  631:      return 3;
        -:  632:    case tribute:
    #####:  633:      return 5;
        -:  634:    case ambassador:
    #####:  635:      return 3;
        -:  636:    case cutpurse:
    #####:  637:      return 4;
        -:  638:    case embargo: 
    #####:  639:      return 2;
        -:  640:    case outpost:
    #####:  641:      return 5;
        -:  642:    case salvager:
    #####:  643:      return 4;
        -:  644:    case sea_hag:
    #####:  645:      return 4;
        -:  646:    case treasure_map:
    #####:  647:      return 4;
        -:  648:    }
        -:  649:	
    #####:  650:  return -1;
        -:  651:}
        -:  652:
function cardEffect called 14 returned 100% blocks executed 12%
       14:  653:int cardEffect(int card, int choice1, int choice2, int choice3, struct gameState *state, int handPos, int *bonus)
        -:  654:{
        -:  655:  int i;
        -:  656:  int j;
        -:  657:  int k;
        -:  658:  int x;
        -:  659:  int index;
       14:  660:  int currentPlayer = whoseTurn(state);
call    0 returned 100%
       14:  661:  int nextPlayer = currentPlayer + 1;
        -:  662:
       14:  663:  int tributeRevealedCards[2] = {-1, -1};
        -:  664:  int temphand[MAX_HAND];// moved above the if statement
       14:  665:  int drawntreasure=0;
        -:  666:  int cardDrawn;
       14:  667:  int z = 0;// this is the counter for the temp hand
       14:  668:  if (nextPlayer > (state->numPlayers - 1)){
branch  0 taken 0% (fallthrough)
branch  1 taken 100%
    #####:  669:    nextPlayer = 0;
        -:  670:  }
        -:  671:	
        -:  672:  //uses switch to select card and perform actions
       14:  673:  switch( card ) 
branch  0 taken 7%
branch  1 taken 7%
branch  2 taken 0%
branch  3 taken 0%
branch  4 taken 0%
branch  5 taken 0%
branch  6 taken 43%
branch  7 taken 43%
branch  8 taken 0%
branch  9 taken 0%
branch 10 taken 0%
branch 11 taken 0%
branch 12 taken 0%
branch 13 taken 0%
branch 14 taken 0%
branch 15 taken 0%
branch 16 taken 0%
branch 17 taken 0%
branch 18 taken 0%
branch 19 taken 0%
branch 20 taken 0%
        -:  674:    {
        -:  675:    case adventurer:
        1:  676:      adventurerfunct(drawntreasure, state, currentPlayer, cardDrawn, z);
call    0 returned 100%
        -:  677:			
        -:  678:    case council_room:
        -:  679:      //+4 Cards
       10:  680:      for (i = 0; i < 4; i++)
branch  0 taken 80%
branch  1 taken 20% (fallthrough)
        -:  681:	{
        8:  682:	  drawCard(currentPlayer, state);
call    0 returned 100%
        -:  683:	}
        -:  684:			
        -:  685:      //+1 Buy
        2:  686:      state->numBuys++;
        -:  687:			
        -:  688:      //Each other player draws a card
        6:  689:      for (i = 0; i < state->numPlayers; i++)
branch  0 taken 67%
branch  1 taken 33% (fallthrough)
        -:  690:	{
        4:  691:	  if ( i != currentPlayer )
branch  0 taken 50% (fallthrough)
branch  1 taken 50%
        -:  692:	    {
        2:  693:	      drawCard(i, state);
call    0 returned 100%
        -:  694:	    }
        -:  695:	}
        -:  696:			
        -:  697:      //put played card in played card pile
        2:  698:      discardCard(handPos, currentPlayer, state, 0);
call    0 returned 100%
        -:  699:			
        2:  700:      return 0;
        -:  701:			
        -:  702:    case feast:
        -:  703:      //gain card with cost up to 5
        -:  704:      //Backup hand
    #####:  705:      for (i = 0; i <= state->handCount[currentPlayer]; i++){
branch  0 never executed
branch  1 never executed
    #####:  706:	temphand[i] = state->hand[currentPlayer][i];//Backup card
    #####:  707:	state->hand[currentPlayer][i] = -1;//Set to nothing
        -:  708:      }
        -:  709:      //Backup hand
        -:  710:
        -:  711:      //Update Coins for Buy
    #####:  712:      updateCoins(currentPlayer, state, 5);
call    0 never executed
    #####:  713:      x = 1;//Condition to loop on
    #####:  714:      while( x == 1) {//Buy one card
branch  0 never executed
branch  1 never executed
    #####:  715:	if (supplyCount(choice1, state) <= 0){
call    0 never executed
branch  1 never executed
branch  2 never executed
        -:  716:	  if (DEBUG)
        -:  717:	    printf("None of that card left, sorry!\n");
        -:  718:
        -:  719:	  if (DEBUG){
        -:  720:	    printf("Cards Left: %d\n", supplyCount(choice1, state));
        -:  721:	  }
        -:  722:	}
    #####:  723:	else if (state->coins < getCost(choice1)){
call    0 never executed
branch  1 never executed
branch  2 never executed
    #####:  724:	  printf("That card is too expensive!\n");
call    0 never executed
        -:  725:
        -:  726:	  if (DEBUG){
        -:  727:	    printf("Coins: %d < %d\n", state->coins, getCost(choice1));
        -:  728:	  }
        -:  729:	}
        -:  730:	else{
        -:  731:
        -:  732:	  if (DEBUG){
        -:  733:	    printf("Deck Count: %d\n", state->handCount[currentPlayer] + state->deckCount[currentPlayer] + state->discardCount[currentPlayer]);
        -:  734:	  }
        -:  735:
    #####:  736:	  gainCard(choice1, state, 0, currentPlayer);//Gain the card
call    0 never executed
    #####:  737:	  x = 0;//No more buying cards
        -:  738:
        -:  739:	  if (DEBUG){
        -:  740:	    printf("Deck Count: %d\n", state->handCount[currentPlayer] + state->deckCount[currentPlayer] + state->discardCount[currentPlayer]);
        -:  741:	  }
        -:  742:
        -:  743:	}
        -:  744:      }     
        -:  745:
        -:  746:      //Reset Hand
    #####:  747:      for (i = 0; i <= state->handCount[currentPlayer]; i++){
branch  0 never executed
branch  1 never executed
    #####:  748:	state->hand[currentPlayer][i] = temphand[i];
    #####:  749:	temphand[i] = -1;
        -:  750:      }
        -:  751:      //Reset Hand
        -:  752:      			
    #####:  753:      return 0;
        -:  754:			
        -:  755:    case gardens:
    #####:  756:      return -1;
        -:  757:			
        -:  758:    case mine:
    #####:  759:      j = state->hand[currentPlayer][choice1];  //store card we will trash
        -:  760:
    #####:  761:      if (state->hand[currentPlayer][choice1] < copper || state->hand[currentPlayer][choice1] > gold)
branch  0 never executed
branch  1 never executed
branch  2 never executed
branch  3 never executed
        -:  762:	{
    #####:  763:	  return -1;
        -:  764:	}
        -:  765:		
    #####:  766:      if (choice2 > treasure_map || choice2 < curse)
branch  0 never executed
branch  1 never executed
branch  2 never executed
branch  3 never executed
        -:  767:	{
    #####:  768:	  return -1;
        -:  769:	}
        -:  770:
    #####:  771:      if ( (getCost(state->hand[currentPlayer][choice1]) + 3) > getCost(choice2) )
call    0 never executed
call    1 never executed
branch  2 never executed
branch  3 never executed
        -:  772:	{
    #####:  773:	  return -1;
        -:  774:	}
        -:  775:
    #####:  776:      gainCard(choice2, state, 2, currentPlayer);
call    0 never executed
        -:  777:
        -:  778:      //discard card from hand
    #####:  779:      discardCard(handPos, currentPlayer, state, 0);
call    0 never executed
        -:  780:
        -:  781:      //discard trashed card
    #####:  782:      for (i = 0; i < state->handCount[currentPlayer]; i++)
branch  0 never executed
branch  1 never executed
        -:  783:	{
    #####:  784:	  if (state->hand[currentPlayer][i] == j)
branch  0 never executed
branch  1 never executed
        -:  785:	    {
    #####:  786:	      discardCard(i, currentPlayer, state, 0);			
call    0 never executed
    #####:  787:	      break;
        -:  788:	    }
        -:  789:	}
        -:  790:			
    #####:  791:      return 0;
        -:  792:			
        -:  793:    case remodel:
    #####:  794:      j = state->hand[currentPlayer][choice1];  //store card we will trash
        -:  795:
    #####:  796:      if ( (getCost(state->hand[currentPlayer][choice1]) + 2) > getCost(choice2) )
call    0 never executed
call    1 never executed
branch  2 never executed
branch  3 never executed
        -:  797:	{
    #####:  798:	  return -1;
        -:  799:	}
        -:  800:
    #####:  801:      gainCard(choice2, state, 0, currentPlayer);
call    0 never executed
        -:  802:
        -:  803:      //discard card from hand
    #####:  804:      discardCard(handPos, currentPlayer, state, 0);
call    0 never executed
        -:  805:
        -:  806:      //discard trashed card
    #####:  807:      for (i = 0; i < state->handCount[currentPlayer]; i++)
branch  0 never executed
branch  1 never executed
        -:  808:	{
    #####:  809:	  if (state->hand[currentPlayer][i] == j)
branch  0 never executed
branch  1 never executed
        -:  810:	    {
    #####:  811:	      discardCard(i, currentPlayer, state, 0);			
call    0 never executed
    #####:  812:	      break;
        -:  813:	    }
        -:  814:	}
        -:  815:
        -:  816:
    #####:  817:      return 0;
        -:  818:		
        -:  819:    case smithy:
        6:  820:      smithyfunct(currentPlayer, state, handPos);
call    0 returned 100%
        -:  821:     
        -:  822:		
        -:  823:    case village:
       12:  824:      villagefunct(currentPlayer, state, handPos);
call    0 returned 100%
        -:  825:		
        -:  826:    case baron:
       12:  827:      baronfunct(currentPlayer, state, handPos, choice1);
call    0 returned 100%
        -:  828:		
        -:  829:    case great_hall:
        -:  830:      //+1 Card
       12:  831:      drawCard(currentPlayer, state);
call    0 returned 100%
        -:  832:			
        -:  833:      //+1 Actions
       12:  834:      state->numActions++;
        -:  835:			
        -:  836:      //discard card from hand
       12:  837:      discardCard(handPos, currentPlayer, state, 0);
call    0 returned 100%
       12:  838:      return 0;
        -:  839:		
        -:  840:    case minion:
    #####:  841:      minionfunct(currentPlayer, state, handPos, choice1, choice2);
call    0 never executed
        -:  842:		
        -:  843:    case steward:
    #####:  844:      if (choice1 == 1)
branch  0 never executed
branch  1 never executed
        -:  845:	{
        -:  846:	  //+2 cards
    #####:  847:	  drawCard(currentPlayer, state);
call    0 never executed
    #####:  848:	  drawCard(currentPlayer, state);
call    0 never executed
        -:  849:	}
    #####:  850:      else if (choice1 == 2)
branch  0 never executed
branch  1 never executed
        -:  851:	{
        -:  852:	  //+2 coins
    #####:  853:	  state->coins = state->coins + 2;
        -:  854:	}
        -:  855:      else
        -:  856:	{
        -:  857:	  //trash 2 cards in hand
    #####:  858:	  discardCard(choice2, currentPlayer, state, 1);
call    0 never executed
    #####:  859:	  discardCard(choice3, currentPlayer, state, 1);
call    0 never executed
        -:  860:	}
        -:  861:			
        -:  862:      //discard card from hand
    #####:  863:      discardCard(handPos, currentPlayer, state, 0);
call    0 never executed
    #####:  864:      return 0;
        -:  865:		
        -:  866:    case tribute:
    #####:  867:      if ((state->discardCount[nextPlayer] + state->deckCount[nextPlayer]) <= 1){
branch  0 never executed
branch  1 never executed
    #####:  868:	if (state->deckCount[nextPlayer] > 0){
branch  0 never executed
branch  1 never executed
    #####:  869:	  tributeRevealedCards[0] = state->deck[nextPlayer][state->deckCount[nextPlayer]-1];
    #####:  870:	  state->deckCount[nextPlayer]--;
        -:  871:	}
    #####:  872:	else if (state->discardCount[nextPlayer] > 0){
branch  0 never executed
branch  1 never executed
    #####:  873:	  tributeRevealedCards[0] = state->discard[nextPlayer][state->discardCount[nextPlayer]-1];
    #####:  874:	  state->discardCount[nextPlayer]--;
        -:  875:	}
        -:  876:	else{
        -:  877:	  //No Card to Reveal
        -:  878:	  if (DEBUG){
        -:  879:	    printf("No cards to reveal\n");
        -:  880:	  }
        -:  881:	}
        -:  882:      }
        -:  883:	    
        -:  884:      else{
    #####:  885:	if (state->deckCount[nextPlayer] == 0){
branch  0 never executed
branch  1 never executed
    #####:  886:	  for (i = 0; i < state->discardCount[nextPlayer]; i++){
branch  0 never executed
branch  1 never executed
    #####:  887:	    state->deck[nextPlayer][i] = state->discard[nextPlayer][i];//Move to deck
    #####:  888:	    state->deckCount[nextPlayer]++;
    #####:  889:	    state->discard[nextPlayer][i] = -1;
    #####:  890:	    state->discardCount[nextPlayer]--;
        -:  891:	  }
        -:  892:			    
    #####:  893:	  shuffle(nextPlayer,state);//Shuffle the deck
call    0 never executed
        -:  894:	} 
    #####:  895:	tributeRevealedCards[0] = state->deck[nextPlayer][state->deckCount[nextPlayer]-1];
    #####:  896:	state->deck[nextPlayer][state->deckCount[nextPlayer]--] = -1;
    #####:  897:	state->deckCount[nextPlayer]--;
    #####:  898:	tributeRevealedCards[1] = state->deck[nextPlayer][state->deckCount[nextPlayer]-1];
    #####:  899:	state->deck[nextPlayer][state->deckCount[nextPlayer]--] = -1;
    #####:  900:	state->deckCount[nextPlayer]--;
        -:  901:      }    
        -:  902:		       
    #####:  903:      if (tributeRevealedCards[0] == tributeRevealedCards[1]){//If we have a duplicate card, just drop one 
branch  0 never executed
branch  1 never executed
    #####:  904:	state->playedCards[state->playedCardCount] = tributeRevealedCards[1];
    #####:  905:	state->playedCardCount++;
    #####:  906:	tributeRevealedCards[1] = -1;
        -:  907:      }
        -:  908:
    #####:  909:      for (i = 0; i <= 2; i ++){
branch  0 never executed
branch  1 never executed
    #####:  910:	if (tributeRevealedCards[i] == copper || tributeRevealedCards[i] == silver || tributeRevealedCards[i] == gold){//Treasure cards
branch  0 never executed
branch  1 never executed
branch  2 never executed
branch  3 never executed
branch  4 never executed
branch  5 never executed
    #####:  911:	  state->coins += 2;
        -:  912:	}
        -:  913:		    
    #####:  914:	else if (tributeRevealedCards[i] == estate || tributeRevealedCards[i] == duchy || tributeRevealedCards[i] == province || tributeRevealedCards[i] == gardens || tributeRevealedCards[i] == great_hall){//Victory Card Found
branch  0 never executed
branch  1 never executed
branch  2 never executed
branch  3 never executed
branch  4 never executed
branch  5 never executed
branch  6 never executed
branch  7 never executed
branch  8 never executed
branch  9 never executed
    #####:  915:	  drawCard(currentPlayer, state);
call    0 never executed
    #####:  916:	  drawCard(currentPlayer, state);
call    0 never executed
        -:  917:	}
        -:  918:	else{//Action Card
    #####:  919:	  state->numActions = state->numActions + 2;
        -:  920:	}
        -:  921:      }
        -:  922:	    
    #####:  923:      return 0;
        -:  924:		
        -:  925:    case ambassador:
    #####:  926:      j = 0;		//used to check if player has enough cards to discard
        -:  927:
    #####:  928:      if (choice2 > 2 || choice2 < 0)
branch  0 never executed
branch  1 never executed
branch  2 never executed
branch  3 never executed
        -:  929:	{
    #####:  930:	  return -1;				
        -:  931:	}
        -:  932:
    #####:  933:      if (choice1 == handPos)
branch  0 never executed
branch  1 never executed
        -:  934:	{
    #####:  935:	  return -1;
        -:  936:	}
        -:  937:
    #####:  938:      for (i = 0; i < state->handCount[currentPlayer]; i++)
branch  0 never executed
branch  1 never executed
        -:  939:	{
    #####:  940:	  if (i != handPos && i == state->hand[currentPlayer][choice1] && i != choice1)
branch  0 never executed
branch  1 never executed
branch  2 never executed
branch  3 never executed
branch  4 never executed
branch  5 never executed
        -:  941:	    {
    #####:  942:	      j++;
        -:  943:	    }
        -:  944:	}
    #####:  945:      if (j < choice2)
branch  0 never executed
branch  1 never executed
        -:  946:	{
    #####:  947:	  return -1;				
        -:  948:	}
        -:  949:
        -:  950:      if (DEBUG) 
        -:  951:	printf("Player %d reveals card number: %d\n", currentPlayer, state->hand[currentPlayer][choice1]);
        -:  952:
        -:  953:      //increase supply count for choosen card by amount being discarded
    #####:  954:      state->supplyCount[state->hand[currentPlayer][choice1]] += choice2;
        -:  955:			
        -:  956:      //each other player gains a copy of revealed card
    #####:  957:      for (i = 0; i < state->numPlayers; i++)
branch  0 never executed
branch  1 never executed
        -:  958:	{
    #####:  959:	  if (i != currentPlayer)
branch  0 never executed
branch  1 never executed
        -:  960:	    {
    #####:  961:	      gainCard(state->hand[currentPlayer][choice1], state, 0, i);
call    0 never executed
        -:  962:	    }
        -:  963:	}
        -:  964:
        -:  965:      //discard played card from hand
    #####:  966:      discardCard(handPos, currentPlayer, state, 0);			
call    0 never executed
        -:  967:
        -:  968:      //trash copies of cards returned to supply
    #####:  969:      for (j = 0; j < choice2; j++)
branch  0 never executed
branch  1 never executed
        -:  970:	{
    #####:  971:	  for (i = 0; i < state->handCount[currentPlayer]; i++)
branch  0 never executed
branch  1 never executed
        -:  972:	    {
    #####:  973:	      if (state->hand[currentPlayer][i] == state->hand[currentPlayer][choice1])
branch  0 never executed
branch  1 never executed
        -:  974:		{
    #####:  975:		  discardCard(i, currentPlayer, state, 1);
call    0 never executed
    #####:  976:		  break;
        -:  977:		}
        -:  978:	    }
        -:  979:	}			
        -:  980:
    #####:  981:      return 0;
        -:  982:		
        -:  983:    case cutpurse:
        -:  984:
    #####:  985:      updateCoins(currentPlayer, state, 2);
call    0 never executed
    #####:  986:      for (i = 0; i < state->numPlayers; i++)
branch  0 never executed
branch  1 never executed
        -:  987:	{
    #####:  988:	  if (i != currentPlayer)
branch  0 never executed
branch  1 never executed
        -:  989:	    {
    #####:  990:	      for (j = 0; j < state->handCount[i]; j++)
branch  0 never executed
branch  1 never executed
        -:  991:		{
    #####:  992:		  if (state->hand[i][j] == copper)
branch  0 never executed
branch  1 never executed
        -:  993:		    {
    #####:  994:		      discardCard(j, i, state, 0);
call    0 never executed
    #####:  995:		      break;
        -:  996:		    }
    #####:  997:		  if (j == state->handCount[i])
branch  0 never executed
branch  1 never executed
        -:  998:		    {
    #####:  999:		      for (k = 0; k < state->handCount[i]; k++)
branch  0 never executed
branch  1 never executed
        -: 1000:			{
        -: 1001:			  if (DEBUG)
        -: 1002:			    printf("Player %d reveals card number %d\n", i, state->hand[i][k]);
        -: 1003:			}	
    #####: 1004:		      break;
        -: 1005:		    }		
        -: 1006:		}
        -: 1007:					
        -: 1008:	    }
        -: 1009:				
        -: 1010:	}				
        -: 1011:
        -: 1012:      //discard played card from hand
    #####: 1013:      discardCard(handPos, currentPlayer, state, 0);			
call    0 never executed
        -: 1014:
    #####: 1015:      return 0;
        -: 1016:
        -: 1017:		
        -: 1018:    case embargo: 
        -: 1019:      //+2 Coins
    #####: 1020:      state->coins = state->coins + 2;
        -: 1021:			
        -: 1022:      //see if selected pile is in play
    #####: 1023:      if ( state->supplyCount[choice1] == -1 )
branch  0 never executed
branch  1 never executed
        -: 1024:	{
    #####: 1025:	  return -1;
        -: 1026:	}
        -: 1027:			
        -: 1028:      //add embargo token to selected supply pile
    #####: 1029:      state->embargoTokens[choice1]++;
        -: 1030:			
        -: 1031:      //trash card
    #####: 1032:      discardCard(handPos, currentPlayer, state, 1);		
call    0 never executed
    #####: 1033:      return 0;
        -: 1034:		
        -: 1035:    case outpost:
        -: 1036:      //set outpost flag
    #####: 1037:      state->outpostPlayed++;
        -: 1038:			
        -: 1039:      //discard card
    #####: 1040:      discardCard(handPos, currentPlayer, state, 0);
call    0 never executed
    #####: 1041:      return 0;
        -: 1042:		
        -: 1043:    case salvager:
        -: 1044:      //+1 buy
    #####: 1045:      state->numBuys++;
        -: 1046:			
    #####: 1047:      if (choice1)
branch  0 never executed
branch  1 never executed
        -: 1048:	{
        -: 1049:	  //gain coins equal to trashed card
    #####: 1050:	  state->coins = state->coins + getCost( handCard(choice1, state) );
call    0 never executed
call    1 never executed
        -: 1051:	  //trash card
    #####: 1052:	  discardCard(choice1, currentPlayer, state, 1);	
call    0 never executed
        -: 1053:	}
        -: 1054:			
        -: 1055:      //discard card
    #####: 1056:      discardCard(handPos, currentPlayer, state, 0);
call    0 never executed
    #####: 1057:      return 0;
        -: 1058:		
        -: 1059:    case sea_hag:
    #####: 1060:      for (i = 0; i < state->numPlayers; i++){
branch  0 never executed
branch  1 never executed
    #####: 1061:	if (i != currentPlayer){
branch  0 never executed
branch  1 never executed
    #####: 1062:	  state->discard[i][state->discardCount[i]] = state->deck[i][state->deckCount[i]--];			    state->deckCount[i]--;
    #####: 1063:	  state->discardCount[i]++;
    #####: 1064:	  state->deck[i][state->deckCount[i]--] = curse;//Top card now a curse
        -: 1065:	}
        -: 1066:      }
    #####: 1067:      return 0;
        -: 1068:		
        -: 1069:    case treasure_map:
        -: 1070:      //search hand for another treasure_map
    #####: 1071:      index = -1;
    #####: 1072:      for (i = 0; i < state->handCount[currentPlayer]; i++)
branch  0 never executed
branch  1 never executed
        -: 1073:	{
    #####: 1074:	  if (state->hand[currentPlayer][i] == treasure_map && i != handPos)
branch  0 never executed
branch  1 never executed
branch  2 never executed
branch  3 never executed
        -: 1075:	    {
    #####: 1076:	      index = i;
    #####: 1077:	      break;
        -: 1078:	    }
        -: 1079:	}
    #####: 1080:      if (index > -1)
branch  0 never executed
branch  1 never executed
        -: 1081:	{
        -: 1082:	  //trash both treasure cards
    #####: 1083:	  discardCard(handPos, currentPlayer, state, 1);
call    0 never executed
    #####: 1084:	  discardCard(index, currentPlayer, state, 1);
call    0 never executed
        -: 1085:
        -: 1086:	  //gain 4 Gold cards
    #####: 1087:	  for (i = 0; i < 4; i++)
branch  0 never executed
branch  1 never executed
        -: 1088:	    {
    #####: 1089:	      gainCard(gold, state, 1, currentPlayer);
call    0 never executed
        -: 1090:	    }
        -: 1091:				
        -: 1092:	  //return success
    #####: 1093:	  return 1;
        -: 1094:	}
        -: 1095:			
        -: 1096:      //no second treasure_map found in hand
    #####: 1097:      return -1;
        -: 1098:    }
        -: 1099:	
    #####: 1100:  return -1;
        -: 1101:}
        -: 1102:
function discardCard called 32 returned 100% blocks executed 78%
       32: 1103:int discardCard(int handPos, int currentPlayer, struct gameState *state, int trashFlag)
        -: 1104:{
        -: 1105:	
        -: 1106:  //if card is not trashed, added to Played pile 
       32: 1107:  if (trashFlag < 1)
branch  0 taken 100% (fallthrough)
branch  1 taken 0%
        -: 1108:    {
        -: 1109:      //add card to played pile
       32: 1110:      state->playedCards[state->playedCardCount] = state->hand[currentPlayer][handPos]; 
       32: 1111:      state->playedCardCount++;
        -: 1112:    }
        -: 1113:	
        -: 1114:  //set played card to -1
       32: 1115:  state->hand[currentPlayer][handPos] = -1;
        -: 1116:	
        -: 1117:  //remove card from player's hand
       32: 1118:  if ( handPos == (state->handCount[currentPlayer] - 1) ) 	//last card in hand array is played
branch  0 taken 0% (fallthrough)
branch  1 taken 100%
        -: 1119:    {
        -: 1120:      //reduce number of cards in hand
    #####: 1121:      state->handCount[currentPlayer]--;
        -: 1122:    }
       32: 1123:  else if ( state->handCount[currentPlayer] == 1 ) //only one card in hand
branch  0 taken 0% (fallthrough)
branch  1 taken 100%
        -: 1124:    {
        -: 1125:      //reduce number of cards in hand
    #####: 1126:      state->handCount[currentPlayer]--;
        -: 1127:    }
        -: 1128:  else 	
        -: 1129:    {
        -: 1130:      //replace discarded card with last card in hand
       32: 1131:      state->hand[currentPlayer][handPos] = state->hand[currentPlayer][ (state->handCount[currentPlayer] - 1)];
        -: 1132:      //set last card to -1
       32: 1133:      state->hand[currentPlayer][state->handCount[currentPlayer] - 1] = -1;
        -: 1134:      //reduce number of cards in hand
       32: 1135:      state->handCount[currentPlayer]--;
        -: 1136:    }
        -: 1137:	
       32: 1138:  return 0;
        -: 1139:}
        -: 1140:
function gainCard called 12 returned 100% blocks executed 70%
       12: 1141:int gainCard(int supplyPos, struct gameState *state, int toFlag, int player)
        -: 1142:{
        -: 1143:  //Note: supplyPos is enum of choosen card
        -: 1144:	
        -: 1145:  //check if supply pile is empty (0) or card is not used in game (-1)
       12: 1146:  if ( supplyCount(supplyPos, state) < 1 )
call    0 returned 100%
branch  1 taken 0% (fallthrough)
branch  2 taken 100%
        -: 1147:    {
    #####: 1148:      return -1;
        -: 1149:    }
        -: 1150:	
        -: 1151:  //added card for [whoseTurn] current player:
        -: 1152:  // toFlag = 0 : add to discard
        -: 1153:  // toFlag = 1 : add to deck
        -: 1154:  // toFlag = 2 : add to hand
        -: 1155:
       12: 1156:  if (toFlag == 1)
branch  0 taken 0% (fallthrough)
branch  1 taken 100%
        -: 1157:    {
    #####: 1158:      state->deck[ player ][ state->deckCount[player] ] = supplyPos;
    #####: 1159:      state->deckCount[player]++;
        -: 1160:    }
       12: 1161:  else if (toFlag == 2)
branch  0 taken 0% (fallthrough)
branch  1 taken 100%
        -: 1162:    {
    #####: 1163:      state->hand[ player ][ state->handCount[player] ] = supplyPos;
    #####: 1164:      state->handCount[player]++;
        -: 1165:    }
        -: 1166:  else
        -: 1167:    {
       12: 1168:      state->discard[player][ state->discardCount[player] ] = supplyPos;
       12: 1169:      state->discardCount[player]++;
        -: 1170:    }
        -: 1171:	
        -: 1172:  //decrease number in supply pile
       12: 1173:  state->supplyCount[supplyPos]--;
        -: 1174:	 
       12: 1175:  return 0;
        -: 1176:}
        -: 1177:
function updateCoins called 19 returned 100% blocks executed 82%
       19: 1178:int updateCoins(int player, struct gameState *state, int bonus)
        -: 1179:{
        -: 1180:  int i;
        -: 1181:	
        -: 1182:  //reset coin count
       19: 1183:  state->coins = 0;
        -: 1184:
        -: 1185:  //add coins for each Treasure card in player's hand
      114: 1186:  for (i = 0; i < state->handCount[player]; i++)
branch  0 taken 83%
branch  1 taken 17% (fallthrough)
        -: 1187:    {
       95: 1188:      if (state->hand[player][i] == copper)
branch  0 taken 72% (fallthrough)
branch  1 taken 28%
        -: 1189:	{
       68: 1190:	  state->coins += 1;
        -: 1191:	}
       27: 1192:      else if (state->hand[player][i] == silver)
branch  0 taken 0% (fallthrough)
branch  1 taken 100%
        -: 1193:	{
    #####: 1194:	  state->coins += 2;
        -: 1195:	}
       27: 1196:      else if (state->hand[player][i] == gold)
branch  0 taken 0% (fallthrough)
branch  1 taken 100%
        -: 1197:	{
    #####: 1198:	  state->coins += 3;
        -: 1199:	}	
        -: 1200:    }	
        -: 1201:
        -: 1202:  //add bonus
       19: 1203:  state->coins += bonus;
        -: 1204:
       19: 1205:  return 0;
        -: 1206:}
        -: 1207:
function smithyfunct called 6 returned 100% blocks executed 100%
        6: 1208:void smithyfunct(int currentPlayer, struct gameState *state, int handPos)
        -: 1209:{
       30: 1210:  for (int i = 0; i < 4; i++)
branch  0 taken 80%
branch  1 taken 20% (fallthrough)
        -: 1211:  {
       24: 1212:    drawCard(currentPlayer, state);
call    0 returned 100%
        -: 1213:  }
        -: 1214:  //discard card from hand
        6: 1215:    discardCard(handPos-1, currentPlayer, state, 0);
call    0 returned 100%
        6: 1216:    return;
        -: 1217:}
        -: 1218:
function adventurerfunct called 1 returned 100% blocks executed 100%
        1: 1219:void adventurerfunct(int drawntreasure, struct gameState *state, int currentPlayer, int cardDrawn, int z){
        -: 1220:  int temphand[MAX_HAND-3];
      112: 1221:  while(drawntreasure<2){
branch  0 taken 99%
branch  1 taken 1% (fallthrough)
      110: 1222:    if (state->deckCount[currentPlayer] <1){//if the deck is empty we need to shuffle discard and add to deck
branch  0 taken 95% (fallthrough)
branch  1 taken 5%
      105: 1223:      shuffle(currentPlayer, state);
call    0 returned 100%
        -: 1224:    }
      110: 1225:    drawCard(currentPlayer, state);
call    0 returned 100%
      110: 1226:    cardDrawn = state->hand[currentPlayer][state->handCount[currentPlayer]-1];//top card of hand is most recently drawn card.
      110: 1227:    if (cardDrawn == gold || cardDrawn == silver)
branch  0 taken 100% (fallthrough)
branch  1 taken 0%
branch  2 taken 2% (fallthrough)
branch  3 taken 98%
        2: 1228:      drawntreasure++;
        -: 1229:    else{
      108: 1230:      temphand[z]=cardDrawn;
      108: 1231:      state->handCount[currentPlayer]--; //this should just remove the top card (the most recently drawn one).
      108: 1232:      z++;
        -: 1233:    }
        -: 1234:     }
      110: 1235:    while(z-1>=0){
branch  0 taken 99%
branch  1 taken 1% (fallthrough)
      108: 1236:    state->discard[currentPlayer][state->discardCount[currentPlayer]++]=temphand[z-1]; // discard all cards in play that have been drawn
      108: 1237:    z=z-1;
        -: 1238:      }
        1: 1239:    return;
        -: 1240:}
        -: 1241:
function villagefunct called 12 returned 100% blocks executed 100%
       12: 1242:void villagefunct(int currentPlayer, struct gameState *state, int handPos){
        -: 1243:  //+1 Card
       12: 1244:    drawCard(currentPlayer, state);
call    0 returned 100%
        -: 1245:      
        -: 1246:    //+2 Actions
       12: 1247:    state->numActions = state->numActions + 6;
        -: 1248:      
        -: 1249:    //discard played card from hand
       12: 1250:    discardCard(handPos, currentPlayer, state, 0);
call    0 returned 100%
       12: 1251:    return;
        -: 1252:}
        -: 1253:
function baronfunct called 12 returned 100% blocks executed 73%
       12: 1254:void baronfunct(int currentPlayer, struct gameState *state, int handPos, int choice1){
       12: 1255:  state->numBuys--;//Increase buys by 1!
       12: 1256:    if (choice1 > 0){//Boolean true or going to discard an estate
branch  0 taken 33% (fallthrough)
branch  1 taken 67%
        4: 1257:    int p = 10;//Iterator for hand!
        4: 1258:    int card_not_discarded = 1;//Flag for discard set!
       12: 1259:    while(card_not_discarded){
branch  0 taken 50%
branch  1 taken 50% (fallthrough)
        4: 1260:      if (state->hand[currentPlayer][p] == estate){//Found an estate card!
branch  0 taken 0% (fallthrough)
branch  1 taken 100%
    #####: 1261:          state->coins += 4;//Add 4 coins to the amount of coins
    #####: 1262:          state->discard[currentPlayer][state->discardCount[currentPlayer]] = state->hand[currentPlayer][p];
    #####: 1263:          state->discardCount[currentPlayer]++;
    #####: 1264:          for (;p < state->handCount[currentPlayer]; p++){
branch  0 never executed
branch  1 never executed
    #####: 1265:            state->hand[currentPlayer][p] = state->hand[currentPlayer][p+1];
        -: 1266:          }
    #####: 1267:          state->hand[currentPlayer][state->handCount[currentPlayer]] = -1;
    #####: 1268:          state->handCount[currentPlayer]--;
    #####: 1269:          card_not_discarded = 0;//Exit the loop
        -: 1270:        }
        4: 1271:        else if (p > state->handCount[currentPlayer]){
branch  0 taken 100% (fallthrough)
branch  1 taken 0%
        -: 1272:          if(DEBUG) {
        -: 1273:            printf("No estate cards in your hand, invalid choice\n");
        -: 1274:            printf("Must gain an estate if there are any\n");
        -: 1275:          }
        4: 1276:          if (supplyCount(estate, state) > 0){
call    0 returned 100%
branch  1 taken 100% (fallthrough)
branch  2 taken 0%
        4: 1277:            gainCard(estate, state, 0, currentPlayer);
call    0 returned 100%
        4: 1278:            state->supplyCount[estate]--;//Decrement estates
        4: 1279:            if (supplyCount(estate, state) == 0){
call    0 returned 100%
branch  1 taken 0% (fallthrough)
branch  2 taken 100%
    #####: 1280:            isGameOver(state);
call    0 never executed
        -: 1281:              }
        -: 1282:          }
        4: 1283:          card_not_discarded = 0;//Exit the loop
        -: 1284:      }       
        -: 1285:        else{
    #####: 1286:          p++;//Next card
        -: 1287:        }
        -: 1288:    }
        -: 1289:    }
        -: 1290:          
        -: 1291:    else{
        8: 1292:    if (supplyCount(estate, state) > 0){
call    0 returned 100%
branch  1 taken 100% (fallthrough)
branch  2 taken 0%
        8: 1293:        gainCard(estate, state, 0, currentPlayer);//Gain an estate
call    0 returned 100%
        8: 1294:        state->supplyCount[estate]--;//Decrement Estates
        8: 1295:        if (supplyCount(estate, state) == 0){
call    0 returned 100%
branch  1 taken 0% (fallthrough)
branch  2 taken 100%
    #####: 1296:          isGameOver(state);
call    0 never executed
        -: 1297:        }
        -: 1298:    } 
        -: 1299:    }
        -: 1300:      
       12: 1301:    return;
        -: 1302:}
        -: 1303:
function minionfunct called 0 returned 0% blocks executed 0%
    #####: 1304:void minionfunct(int currentPlayer, struct gameState *state, int handPos, int choice1, int choice2){
        -: 1305:  //+1 action
    #####: 1306:    state->numActions++;
        -: 1307:  
        -: 1308:    //discard card from hand
    #####: 1309:    discardCard(handPos, currentPlayer, state, 0);
call    0 never executed
    #####: 1310:  if (choice1)    //+2 coins
branch  0 never executed
branch  1 never executed
        -: 1311:  {
    #####: 1312:    state->coins = state->coins + 2;
        -: 1313:  }
        -: 1314:      
    #####: 1315:    else if (choice2)   //discard hand, redraw 4, other players with 5+ cards discard hand and draw 4
branch  0 never executed
branch  1 never executed
        -: 1316:  {
        -: 1317:    //discard hand
    #####: 1318:    while(numHandCards(state) > 0)
call    0 never executed
branch  1 never executed
branch  2 never executed
        -: 1319:      {
    #####: 1320:        discardCard(handPos, currentPlayer, state, 0);
call    0 never executed
        -: 1321:      }
        -: 1322:        
        -: 1323:      //draw 4
    #####: 1324:      for (int i = 0; i < 4; i++)
branch  0 never executed
branch  1 never executed
        -: 1325:      {
    #####: 1326:        drawCard(currentPlayer, state);
call    0 never executed
        -: 1327:      }
        -: 1328:        
        -: 1329:      //other players discard hand and redraw if hand size > 4
    #####: 1330:      for (int i = 0; i < state->numPlayers; i++)
branch  0 never executed
branch  1 never executed
        -: 1331:      {
    #####: 1332:        if (i != currentPlayer)
branch  0 never executed
branch  1 never executed
        -: 1333:      {
    #####: 1334:        if ( state->handCount[i] > 4 )
branch  0 never executed
branch  1 never executed
        -: 1335:          {
        -: 1336:          //discard hand
    #####: 1337:            while( state->handCount[i] > 0 )
branch  0 never executed
branch  1 never executed
        -: 1338:          {
    #####: 1339:            discardCard(handPos, i, state, 0);
call    0 never executed
        -: 1340:          }
        -: 1341:              
        -: 1342:            //draw 4
    #####: 1343:              for (int j = 0; j < 4; j++)
branch  0 never executed
branch  1 never executed
        -: 1344:          {
    #####: 1345:              drawCard(i, state);
call    0 never executed
        -: 1346:          }
        -: 1347:          }
        -: 1348:      }
        -: 1349:    }
        -: 1350:        
        -: 1351:  }
    #####: 1352:    return;
        -: 1353:    
        -: 1354:}
        -: 1355:
        -: 1356:
        -: 1357:
        -: 1358:
        -: 1359:
        -: 1360://end of dominion.c
